Skip to content
Navigation Menu
puneetrinity
Evalmatch

Type / to search
Code
Issues
Pull requests
Actions
Projects
Security
Insights
Settings
Railway Deployment with Testing
Add comprehensive debugging for analysis API issues #25
Jobs
Run details
Local Tests
failed 1 minute ago in 2m 23s
Search logs
1s
1s
4s
24s
0s
13s
1m 39s
    ... 
    462             { status: 200 }
        ~~~~~~~~~~~~~~~~~~~~~~~~~~~
    463           )
        ~~~~~~~~~~~
    tests/unit/hooks/useBatchManager.test.tsx:498:40 - error TS2769: No overload matches this call.
      Overload 1 of 2, '(value: never): MockedFunction<Mock<UnknownFunction>>', gave the following error.
        Argument of type 'Error' is not assignable to parameter of type 'never'.
      Overload 2 of 2, '(value: never): Mock<UnknownFunction>', gave the following error.
        Argument of type 'Error' is not assignable to parameter of type 'never'.
    498       mockApiRequest.mockRejectedValue(new Error('Network error'));
                                               ~~~~~~~~~~~~~~~~~~~~~~~~~~
    tests/unit/hooks/useBatchManager.test.tsx:516:40 - error TS2769: No overload matches this call.
      Overload 1 of 2, '(value: never): MockedFunction<Mock<UnknownFunction>>', gave the following error.
        Argument of type 'Error' is not assignable to parameter of type 'never'.
      Overload 2 of 2, '(value: never): Mock<UnknownFunction>', gave the following error.
        Argument of type 'Error' is not assignable to parameter of type 'never'.
    516       mockApiRequest.mockRejectedValue(new Error('Batch not found'));
                                               ~~~~~~~~~~~~~~~~~~~~~~~~~~~~
    tests/unit/hooks/useBatchManager.test.tsx:533:40 - error TS2769: No overload matches this call.
      Overload 1 of 2, '(value: never): MockedFunction<Mock<UnknownFunction>>', gave the following error.
        Argument of type 'Error' is not assignable to parameter of type 'never'.
      Overload 2 of 2, '(value: never): Mock<UnknownFunction>', gave the following error.
        Argument of type 'Error' is not assignable to parameter of type 'never'.
    533       mockApiRequest.mockRejectedValue(new Error('Test error'));
                                               ~~~~~~~~~~~~~~~~~~~~~~~
    tests/unit/hooks/useBatchManager.test.tsx:724:9 - error TS2769: No overload matches this call.
      Overload 1 of 2, '(value: never): MockedFunction<Mock<UnknownFunction>>', gave the following error.
        Argument of type 'Response' is not assignable to parameter of type 'never'.
      Overload 2 of 2, '(value: never): Mock<UnknownFunction>', gave the following error.
        Argument of type 'Response' is not assignable to parameter of type 'never'.
    724         new Response(JSON.stringify(mockStatusResponse), { status: 200 })
                ~~~~~~~~~~~~~~~~~~~~~~~~~~~~~~~~~~~~~~~~~~~~~~~~~~~~~~~~~~~~~~~~~
    tests/unit/hooks/useBatchManager.test.tsx:762:9 - error TS2769: No overload matches this call.
      Overload 1 of 2, '(value: never): MockedFunction<Mock<UnknownFunction>>', gave the following error.
        Argument of type 'Response' is not assignable to parameter of type 'never'.
      Overload 2 of 2, '(value: never): Mock<UnknownFunction>', gave the following error.
        Argument of type 'Response' is not assignable to parameter of type 'never'.
    762         new Response(JSON.stringify(mockClaimResponse), { status: 200 })
                ~~~~~~~~~~~~~~~~~~~~~~~~~~~~~~~~~~~~~~~~~~~~~~~~~~~~~~~~~~~~~~~~
    tests/unit/hooks/useBatchManager.test.tsx:806:9 - error TS2769: No overload matches this call.
      Overload 1 of 2, '(value: never): MockedFunction<Mock<UnknownFunction>>', gave the following error.
        Argument of type 'Response' is not assignable to parameter of type 'never'.
      Overload 2 of 2, '(value: never): Mock<UnknownFunction>', gave the following error.
        Argument of type 'Response' is not assignable to parameter of type 'never'.
    806         new Response(JSON.stringify(mockDeleteResponse), { status: 200 })
                ~~~~~~~~~~~~~~~~~~~~~~~~~~~~~~~~~~~~~~~~~~~~~~~~~~~~~~~~~~~~~~~~~
    tests/unit/hooks/useBatchManager.test.tsx:834:9 - error TS2769: No overload matches this call.
      Overload 1 of 2, '(value: never): MockedFunction<Mock<UnknownFunction>>', gave the following error.
        Argument of type 'Response' is not assignable to parameter of type 'never'.
      Overload 2 of 2, '(value: never): Mock<UnknownFunction>', gave the following error.
        Argument of type 'Response' is not assignable to parameter of type 'never'.
    834         new Response(
                ~~~~~~~~~~~~~
    835           JSON.stringify({
        ~~~~~~~~~~~~~~~~~~~~~~~~~~
    ... 
    839           { status: 200 }
        ~~~~~~~~~~~~~~~~~~~~~~~~~
    840         )
        ~~~~~~~~~
    tests/unit/hooks/useBatchManager.test.tsx:867:9 - error TS2769: No overload matches this call.
      Overload 1 of 2, '(value: never): MockedFunction<Mock<UnknownFunction>>', gave the following error.
        Argument of type 'Response' is not assignable to parameter of type 'never'.
      Overload 2 of 2, '(value: never): Mock<UnknownFunction>', gave the following error.
        Argument of type 'Response' is not assignable to parameter of type 'never'.
    867         new Response(
                ~~~~~~~~~~~~~
    868           JSON.stringify({
        ~~~~~~~~~~~~~~~~~~~~~~~~~~
    ... 
    872           { status: 200 }
        ~~~~~~~~~~~~~~~~~~~~~~~~~
    873         )
        ~~~~~~~~~
    tests/unit/hooks/useBatchManager.test.tsx:889:9 - error TS2769: No overload matches this call.
      Overload 1 of 2, '(value: never): MockedFunction<Mock<UnknownFunction>>', gave the following error.
        Argument of type 'Response' is not assignable to parameter of type 'never'.
      Overload 2 of 2, '(value: never): Mock<UnknownFunction>', gave the following error.
        Argument of type 'Response' is not assignable to parameter of type 'never'.
    889         new Response(
                ~~~~~~~~~~~~~
    890           JSON.stringify({
        ~~~~~~~~~~~~~~~~~~~~~~~~~~
    ... 
    894           { status: 200 }
        ~~~~~~~~~~~~~~~~~~~~~~~~~
    895         )
        ~~~~~~~~~
    tests/unit/hooks/useBatchManager.test.tsx:981:9 - error TS2769: No overload matches this call.
      Overload 1 of 2, '(value: never): MockedFunction<Mock<UnknownFunction>>', gave the following error.
        Argument of type 'Response' is not assignable to parameter of type 'never'.
      Overload 2 of 2, '(value: never): Mock<UnknownFunction>', gave the following error.
        Argument of type 'Response' is not assignable to parameter of type 'never'.
    981         new Response(
                ~~~~~~~~~~~~~
    982           JSON.stringify({
        ~~~~~~~~~~~~~~~~~~~~~~~~~~
    ... 
    986           { status: 200 }
0s
0s
0s
0s
0s
